time="2024-05-25T06:14:07Z" level=info msg="No provider config file provided, using default values"
time="2024-05-25T06:14:07Z" level=info msg="cpu: 8, memory: 33604538368 (bytes), pods: 1000"
time="2024-05-25T06:14:07Z" level=info msg="Kubelet API enabled at :10260"
time="2024-05-25T06:14:07Z" level=info msg="Waiting for controller to be ready" node=vk operatingSystem=linux provider=mock watchedNamespace=
I0525 06:14:07.586278 3277490 reflector.go:287] Starting reflector *v1.Pod (1m0s) from pkg/mod/k8s.io/client-go@v0.27.3/tools/cache/reflector.go:231
I0525 06:14:07.586313 3277490 reflector.go:323] Listing and watching *v1.Pod from pkg/mod/k8s.io/client-go@v0.27.3/tools/cache/reflector.go:231
I0525 06:14:07.586281 3277490 reflector.go:287] Starting reflector *v1.Secret (1m0s) from pkg/mod/k8s.io/client-go@v0.27.3/tools/cache/reflector.go:231
I0525 06:14:07.586347 3277490 reflector.go:323] Listing and watching *v1.Secret from pkg/mod/k8s.io/client-go@v0.27.3/tools/cache/reflector.go:231
I0525 06:14:07.586315 3277490 reflector.go:287] Starting reflector *v1.ConfigMap (1m0s) from pkg/mod/k8s.io/client-go@v0.27.3/tools/cache/reflector.go:231
I0525 06:14:07.586409 3277490 reflector.go:323] Listing and watching *v1.ConfigMap from pkg/mod/k8s.io/client-go@v0.27.3/tools/cache/reflector.go:231
I0525 06:14:07.586315 3277490 reflector.go:287] Starting reflector *v1.Service (1m0s) from pkg/mod/k8s.io/client-go@v0.27.3/tools/cache/reflector.go:231
I0525 06:14:07.586493 3277490 reflector.go:323] Listing and watching *v1.Service from pkg/mod/k8s.io/client-go@v0.27.3/tools/cache/reflector.go:231
time="2024-05-25T06:14:07Z" level=info msg="Pod cache in-sync" node=vk operatingSystem=linux provider=mock watchedNamespace=
time="2024-05-25T06:14:07Z" level=info msg="receive GetPods" method=GetPods node=vk operatingSystem=linux provider=mock watchedNamespace=
time="2024-05-25T06:14:07Z" level=info msg="starting workers" node=vk operatingSystem=linux provider=mock watchedNamespace=
time="2024-05-25T06:14:07Z" level=info msg="started workers" node=vk operatingSystem=linux provider=mock watchedNamespace=
time="2024-05-25T06:14:07Z" level=info msg="receive GetPod \"test-pod\"" addedViaRedirty=false delayedViaRateLimit=5ms key=default/test-pod method=GetPod name=test-pod namespace=default node=vk operatingSystem=linux originallyAdded="2024-05-25 06:14:07.686937874 +0000 UTC m=+0.162710601" phase=Pending plannedForWork="2024-05-25 06:14:07.691937874 +0000 UTC m=+0.167710601" pod=test-pod provider=mock queue=syncPodsFromKubernetes reason= requeues=0 uid=b1855081-d1b7-4725-8715-a34cebab07c8 watchedNamespace= workerId=5
time="2024-05-25T06:14:07Z" level=info msg="Received CreatePod \"test-pod\"" addedViaRedirty=false delayedViaRateLimit=5ms key=default/test-pod method=CreatePod name=test-pod namespace=default node=vk operatingSystem=linux originallyAdded="2024-05-25 06:14:07.686937874 +0000 UTC m=+0.162710601" phase=Pending plannedForWork="2024-05-25 06:14:07.691937874 +0000 UTC m=+0.167710601" pod=test-pod provider=mock queue=syncPodsFromKubernetes reason= requeues=0 uid=b1855081-d1b7-4725-8715-a34cebab07c8 watchedNamespace= workerId=5
time="2024-05-25T06:14:07Z" level=info msg="inspecting volumes for pod test-pod" addedViaRedirty=false delayedViaRateLimit=5ms key=default/test-pod method=CreatePod name=test-pod namespace=default node=vk operatingSystem=linux originallyAdded="2024-05-25 06:14:07.686937874 +0000 UTC m=+0.162710601" phase=Pending plannedForWork="2024-05-25 06:14:07.691937874 +0000 UTC m=+0.167710601" pod=test-pod provider=mock queue=syncPodsFromKubernetes reason= requeues=0 uid=b1855081-d1b7-4725-8715-a34cebab07c8 watchedNamespace= workerId=5
time="2024-05-25T06:14:07Z" level=info msg="uid: , gid: " addedViaRedirty=false delayedViaRateLimit=5ms key=default/test-pod method=CreatePod name=test-pod namespace=default node=vk operatingSystem=linux originallyAdded="2024-05-25 06:14:07.686937874 +0000 UTC m=+0.162710601" phase=Pending plannedForWork="2024-05-25 06:14:07.691937874 +0000 UTC m=+0.167710601" pod=test-pod provider=mock queue=syncPodsFromKubernetes reason= requeues=0 uid=b1855081-d1b7-4725-8715-a34cebab07c8 watchedNamespace= workerId=5
time="2024-05-25T06:14:07Z" level=info msg="inspecting volume shifter-stress" addedViaRedirty=false delayedViaRateLimit=5ms key=default/test-pod method=CreatePod name=test-pod namespace=default node=vk operatingSystem=linux originallyAdded="2024-05-25 06:14:07.686937874 +0000 UTC m=+0.162710601" phase=Pending plannedForWork="2024-05-25 06:14:07.691937874 +0000 UTC m=+0.167710601" pod=test-pod provider=mock queue=syncPodsFromKubernetes reason= requeues=0 uid=b1855081-d1b7-4725-8715-a34cebab07c8 watchedNamespace= workerId=5
time="2024-05-25T06:14:07Z" level=info msg="inspecting configMap shifter-stress" addedViaRedirty=false delayedViaRateLimit=5ms key=default/test-pod method=CreatePod name=test-pod namespace=default node=vk operatingSystem=linux originallyAdded="2024-05-25 06:14:07.686937874 +0000 UTC m=+0.162710601" phase=Pending plannedForWork="2024-05-25 06:14:07.691937874 +0000 UTC m=+0.167710601" pod=test-pod provider=mock queue=syncPodsFromKubernetes reason= requeues=0 uid=b1855081-d1b7-4725-8715-a34cebab07c8 watchedNamespace= workerId=5
time="2024-05-25T06:14:07Z" level=info msg="created \"/home/jeng-yuantsai/default/test-pod/configmaps/shifter-stress\" for configmap \"shifter-stress\"" addedViaRedirty=false delayedViaRateLimit=5ms key=default/test-pod method=CreatePod name=test-pod namespace=default node=vk operatingSystem=linux originallyAdded="2024-05-25 06:14:07.686937874 +0000 UTC m=+0.162710601" phase=Pending plannedForWork="2024-05-25 06:14:07.691937874 +0000 UTC m=+0.167710601" pod=test-pod provider=mock queue=syncPodsFromKubernetes reason= requeues=0 uid=b1855081-d1b7-4725-8715-a34cebab07c8 watchedNamespace= workerId=5
time="2024-05-25T06:14:07Z" level=info msg="chowning \"/home/jeng-yuantsai/default/test-pod/configmaps/shifter-stress/vk.2007212382.tmp\" to ." addedViaRedirty=false delayedViaRateLimit=5ms key=default/test-pod method=CreatePod name=test-pod namespace=default node=vk operatingSystem=linux originallyAdded="2024-05-25 06:14:07.686937874 +0000 UTC m=+0.162710601" phase=Pending plannedForWork="2024-05-25 06:14:07.691937874 +0000 UTC m=+0.167710601" pod=test-pod provider=mock queue=syncPodsFromKubernetes reason= requeues=0 uid=b1855081-d1b7-4725-8715-a34cebab07c8 watchedNamespace= workerId=5
time="2024-05-25T06:14:07Z" level=info msg="writing data \"#!/bin/bas\" to path \"/home/jeng-yuantsai/default/test-pod/configmaps/shifter-stress/vk.2007212382.tmp\"" addedViaRedirty=false delayedViaRateLimit=5ms key=default/test-pod method=CreatePod name=test-pod namespace=default node=vk operatingSystem=linux originallyAdded="2024-05-25 06:14:07.686937874 +0000 UTC m=+0.162710601" phase=Pending plannedForWork="2024-05-25 06:14:07.691937874 +0000 UTC m=+0.167710601" pod=test-pod provider=mock queue=syncPodsFromKubernetes reason= requeues=0 uid=b1855081-d1b7-4725-8715-a34cebab07c8 watchedNamespace= workerId=5
time="2024-05-25T06:14:07Z" level=info msg="renaming \"/home/jeng-yuantsai/default/test-pod/configmaps/shifter-stress/vk.2007212382.tmp\" to \"/home/jeng-yuantsai/default/test-pod/configmaps/shifter-stress/stress.sh\"" addedViaRedirty=false delayedViaRateLimit=5ms key=default/test-pod method=CreatePod name=test-pod namespace=default node=vk operatingSystem=linux originallyAdded="2024-05-25 06:14:07.686937874 +0000 UTC m=+0.162710601" phase=Pending plannedForWork="2024-05-25 06:14:07.691937874 +0000 UTC m=+0.167710601" pod=test-pod provider=mock queue=syncPodsFromKubernetes reason= requeues=0 uid=b1855081-d1b7-4725-8715-a34cebab07c8 watchedNamespace= workerId=5
time="2024-05-25T06:14:07Z" level=info msg="inspecting volume direct-stress" addedViaRedirty=false delayedViaRateLimit=5ms key=default/test-pod method=CreatePod name=test-pod namespace=default node=vk operatingSystem=linux originallyAdded="2024-05-25 06:14:07.686937874 +0000 UTC m=+0.162710601" phase=Pending plannedForWork="2024-05-25 06:14:07.691937874 +0000 UTC m=+0.167710601" pod=test-pod provider=mock queue=syncPodsFromKubernetes reason= requeues=0 uid=b1855081-d1b7-4725-8715-a34cebab07c8 watchedNamespace= workerId=5
time="2024-05-25T06:14:07Z" level=info msg="inspecting configMap direct-stress" addedViaRedirty=false delayedViaRateLimit=5ms key=default/test-pod method=CreatePod name=test-pod namespace=default node=vk operatingSystem=linux originallyAdded="2024-05-25 06:14:07.686937874 +0000 UTC m=+0.162710601" phase=Pending plannedForWork="2024-05-25 06:14:07.691937874 +0000 UTC m=+0.167710601" pod=test-pod provider=mock queue=syncPodsFromKubernetes reason= requeues=0 uid=b1855081-d1b7-4725-8715-a34cebab07c8 watchedNamespace= workerId=5
time="2024-05-25T06:14:07Z" level=info msg="created \"/home/jeng-yuantsai/default/test-pod/configmaps/direct-stress\" for configmap \"direct-stress\"" addedViaRedirty=false delayedViaRateLimit=5ms key=default/test-pod method=CreatePod name=test-pod namespace=default node=vk operatingSystem=linux originallyAdded="2024-05-25 06:14:07.686937874 +0000 UTC m=+0.162710601" phase=Pending plannedForWork="2024-05-25 06:14:07.691937874 +0000 UTC m=+0.167710601" pod=test-pod provider=mock queue=syncPodsFromKubernetes reason= requeues=0 uid=b1855081-d1b7-4725-8715-a34cebab07c8 watchedNamespace= workerId=5
time="2024-05-25T06:14:07Z" level=info msg="chowning \"/home/jeng-yuantsai/default/test-pod/configmaps/direct-stress/vk.276794569.tmp\" to ." addedViaRedirty=false delayedViaRateLimit=5ms key=default/test-pod method=CreatePod name=test-pod namespace=default node=vk operatingSystem=linux originallyAdded="2024-05-25 06:14:07.686937874 +0000 UTC m=+0.162710601" phase=Pending plannedForWork="2024-05-25 06:14:07.691937874 +0000 UTC m=+0.167710601" pod=test-pod provider=mock queue=syncPodsFromKubernetes reason= requeues=0 uid=b1855081-d1b7-4725-8715-a34cebab07c8 watchedNamespace= workerId=5
time="2024-05-25T06:14:07Z" level=info msg="writing data \"#!/bin/bas\" to path \"/home/jeng-yuantsai/default/test-pod/configmaps/direct-stress/vk.276794569.tmp\"" addedViaRedirty=false delayedViaRateLimit=5ms key=default/test-pod method=CreatePod name=test-pod namespace=default node=vk operatingSystem=linux originallyAdded="2024-05-25 06:14:07.686937874 +0000 UTC m=+0.162710601" phase=Pending plannedForWork="2024-05-25 06:14:07.691937874 +0000 UTC m=+0.167710601" pod=test-pod provider=mock queue=syncPodsFromKubernetes reason= requeues=0 uid=b1855081-d1b7-4725-8715-a34cebab07c8 watchedNamespace= workerId=5
time="2024-05-25T06:14:07Z" level=info msg="renaming \"/home/jeng-yuantsai/default/test-pod/configmaps/direct-stress/vk.276794569.tmp\" to \"/home/jeng-yuantsai/default/test-pod/configmaps/direct-stress/stress.sh\"" addedViaRedirty=false delayedViaRateLimit=5ms key=default/test-pod method=CreatePod name=test-pod namespace=default node=vk operatingSystem=linux originallyAdded="2024-05-25 06:14:07.686937874 +0000 UTC m=+0.162710601" phase=Pending plannedForWork="2024-05-25 06:14:07.691937874 +0000 UTC m=+0.167710601" pod=test-pod provider=mock queue=syncPodsFromKubernetes reason= requeues=0 uid=b1855081-d1b7-4725-8715-a34cebab07c8 watchedNamespace= workerId=5
time="2024-05-25T06:14:07Z" level=info msg="inspecting volume test" addedViaRedirty=false delayedViaRateLimit=5ms key=default/test-pod method=CreatePod name=test-pod namespace=default node=vk operatingSystem=linux originallyAdded="2024-05-25 06:14:07.686937874 +0000 UTC m=+0.162710601" phase=Pending plannedForWork="2024-05-25 06:14:07.691937874 +0000 UTC m=+0.167710601" pod=test-pod provider=mock queue=syncPodsFromKubernetes reason= requeues=0 uid=b1855081-d1b7-4725-8715-a34cebab07c8 watchedNamespace= workerId=5
time="2024-05-25T06:14:07Z" level=info msg="inspecting configMap test" addedViaRedirty=false delayedViaRateLimit=5ms key=default/test-pod method=CreatePod name=test-pod namespace=default node=vk operatingSystem=linux originallyAdded="2024-05-25 06:14:07.686937874 +0000 UTC m=+0.162710601" phase=Pending plannedForWork="2024-05-25 06:14:07.691937874 +0000 UTC m=+0.167710601" pod=test-pod provider=mock queue=syncPodsFromKubernetes reason= requeues=0 uid=b1855081-d1b7-4725-8715-a34cebab07c8 watchedNamespace= workerId=5
time="2024-05-25T06:14:07Z" level=info msg="created \"/home/jeng-yuantsai/default/test-pod/configmaps/test\" for configmap \"test\"" addedViaRedirty=false delayedViaRateLimit=5ms key=default/test-pod method=CreatePod name=test-pod namespace=default node=vk operatingSystem=linux originallyAdded="2024-05-25 06:14:07.686937874 +0000 UTC m=+0.162710601" phase=Pending plannedForWork="2024-05-25 06:14:07.691937874 +0000 UTC m=+0.167710601" pod=test-pod provider=mock queue=syncPodsFromKubernetes reason= requeues=0 uid=b1855081-d1b7-4725-8715-a34cebab07c8 watchedNamespace= workerId=5
time="2024-05-25T06:14:07Z" level=info msg="chowning \"/home/jeng-yuantsai/default/test-pod/configmaps/test/vk.1795439243.tmp\" to ." addedViaRedirty=false delayedViaRateLimit=5ms key=default/test-pod method=CreatePod name=test-pod namespace=default node=vk operatingSystem=linux originallyAdded="2024-05-25 06:14:07.686937874 +0000 UTC m=+0.162710601" phase=Pending plannedForWork="2024-05-25 06:14:07.691937874 +0000 UTC m=+0.167710601" pod=test-pod provider=mock queue=syncPodsFromKubernetes reason= requeues=0 uid=b1855081-d1b7-4725-8715-a34cebab07c8 watchedNamespace= workerId=5
time="2024-05-25T06:14:07Z" level=info msg="writing data \"#!/bin/bas\" to path \"/home/jeng-yuantsai/default/test-pod/configmaps/test/vk.1795439243.tmp\"" addedViaRedirty=false delayedViaRateLimit=5ms key=default/test-pod method=CreatePod name=test-pod namespace=default node=vk operatingSystem=linux originallyAdded="2024-05-25 06:14:07.686937874 +0000 UTC m=+0.162710601" phase=Pending plannedForWork="2024-05-25 06:14:07.691937874 +0000 UTC m=+0.167710601" pod=test-pod provider=mock queue=syncPodsFromKubernetes reason= requeues=0 uid=b1855081-d1b7-4725-8715-a34cebab07c8 watchedNamespace= workerId=5
time="2024-05-25T06:14:07Z" level=info msg="renaming \"/home/jeng-yuantsai/default/test-pod/configmaps/test/vk.1795439243.tmp\" to \"/home/jeng-yuantsai/default/test-pod/configmaps/test/test.sh\"" addedViaRedirty=false delayedViaRateLimit=5ms key=default/test-pod method=CreatePod name=test-pod namespace=default node=vk operatingSystem=linux originallyAdded="2024-05-25 06:14:07.686937874 +0000 UTC m=+0.162710601" phase=Pending plannedForWork="2024-05-25 06:14:07.691937874 +0000 UTC m=+0.167710601" pod=test-pod provider=mock queue=syncPodsFromKubernetes reason= requeues=0 uid=b1855081-d1b7-4725-8715-a34cebab07c8 watchedNamespace= workerId=5
time="2024-05-25T06:14:07Z" level=info msg="inspecting volume kube-api-access-h48ks" addedViaRedirty=false delayedViaRateLimit=5ms key=default/test-pod method=CreatePod name=test-pod namespace=default node=vk operatingSystem=linux originallyAdded="2024-05-25 06:14:07.686937874 +0000 UTC m=+0.162710601" phase=Pending plannedForWork="2024-05-25 06:14:07.691937874 +0000 UTC m=+0.167710601" pod=test-pod provider=mock queue=syncPodsFromKubernetes reason= requeues=0 uid=b1855081-d1b7-4725-8715-a34cebab07c8 watchedNamespace= workerId=5
time="2024-05-25T06:14:07Z" level=info msg="created \"/home/jeng-yuantsai/default/test-pod/configmaps/kube-api-access-h48ks\" for projected configmap \"kube-api-access-h48ks\"" addedViaRedirty=false delayedViaRateLimit=5ms key=default/test-pod method=CreatePod name=test-pod namespace=default node=vk operatingSystem=linux originallyAdded="2024-05-25 06:14:07.686937874 +0000 UTC m=+0.162710601" phase=Pending plannedForWork="2024-05-25 06:14:07.691937874 +0000 UTC m=+0.167710601" pod=test-pod provider=mock queue=syncPodsFromKubernetes reason= requeues=0 uid=b1855081-d1b7-4725-8715-a34cebab07c8 watchedNamespace= workerId=5
time="2024-05-25T06:14:07Z" level=info msg="chowning \"/home/jeng-yuantsai/default/test-pod/configmaps/kube-api-access-h48ks/vk.3734658874.tmp\" to ." addedViaRedirty=false delayedViaRateLimit=5ms key=default/test-pod method=CreatePod name=test-pod namespace=default node=vk operatingSystem=linux originallyAdded="2024-05-25 06:14:07.686937874 +0000 UTC m=+0.162710601" phase=Pending plannedForWork="2024-05-25 06:14:07.691937874 +0000 UTC m=+0.167710601" pod=test-pod provider=mock queue=syncPodsFromKubernetes reason= requeues=0 uid=b1855081-d1b7-4725-8715-a34cebab07c8 watchedNamespace= workerId=5
time="2024-05-25T06:14:07Z" level=info msg="writing data \"-----BEGIN\" to path \"/home/jeng-yuantsai/default/test-pod/configmaps/kube-api-access-h48ks/vk.3734658874.tmp\"" addedViaRedirty=false delayedViaRateLimit=5ms key=default/test-pod method=CreatePod name=test-pod namespace=default node=vk operatingSystem=linux originallyAdded="2024-05-25 06:14:07.686937874 +0000 UTC m=+0.162710601" phase=Pending plannedForWork="2024-05-25 06:14:07.691937874 +0000 UTC m=+0.167710601" pod=test-pod provider=mock queue=syncPodsFromKubernetes reason= requeues=0 uid=b1855081-d1b7-4725-8715-a34cebab07c8 watchedNamespace= workerId=5
time="2024-05-25T06:14:07Z" level=info msg="renaming \"/home/jeng-yuantsai/default/test-pod/configmaps/kube-api-access-h48ks/vk.3734658874.tmp\" to \"/home/jeng-yuantsai/default/test-pod/configmaps/kube-api-access-h48ks/ca.crt\"" addedViaRedirty=false delayedViaRateLimit=5ms key=default/test-pod method=CreatePod name=test-pod namespace=default node=vk operatingSystem=linux originallyAdded="2024-05-25 06:14:07.686937874 +0000 UTC m=+0.162710601" phase=Pending plannedForWork="2024-05-25 06:14:07.691937874 +0000 UTC m=+0.167710601" pod=test-pod provider=mock queue=syncPodsFromKubernetes reason= requeues=0 uid=b1855081-d1b7-4725-8715-a34cebab07c8 watchedNamespace= workerId=5
time="2024-05-25T06:14:07Z" level=info msg="Starting container" addedViaRedirty=false container=job1 delayedViaRateLimit=5ms key=default/test-pod method=CreatePod name=test-pod namespace=default node=vk operatingSystem=linux originallyAdded="2024-05-25 06:14:07.686937874 +0000 UTC m=+0.162710601" phase=Pending plannedForWork="2024-05-25 06:14:07.691937874 +0000 UTC m=+0.167710601" pod=test-pod provider=mock queue=syncPodsFromKubernetes reason= requeues=0 uid=b1855081-d1b7-4725-8715-a34cebab07c8 watchedNamespace= workerId=5
time="2024-05-25T06:14:07Z" level=info msg="Starting container" addedViaRedirty=false container=job2 delayedViaRateLimit=5ms key=default/test-pod method=CreatePod name=test-pod namespace=default node=vk operatingSystem=linux originallyAdded="2024-05-25 06:14:07.686937874 +0000 UTC m=+0.162710601" phase=Pending plannedForWork="2024-05-25 06:14:07.691937874 +0000 UTC m=+0.167710601" pod=test-pod provider=mock queue=syncPodsFromKubernetes reason= requeues=0 uid=b1855081-d1b7-4725-8715-a34cebab07c8 watchedNamespace= workerId=5
time="2024-05-25T06:14:07Z" level=info msg="Processing volumeMount" addedViaRedirty=false delayedViaRateLimit=5ms key=default/test-pod method=CreatePod mount directory=/home/jeng-yuantsai/default/test-pod/containers/job1/stress/job1 name=test-pod namespace=default node=vk operatingSystem=linux originallyAdded="2024-05-25 06:14:07.686937874 +0000 UTC m=+0.162710601" phase=Pending plannedForWork="2024-05-25 06:14:07.691937874 +0000 UTC m=+0.167710601" pod=test-pod provider=mock queue=syncPodsFromKubernetes reason= requeues=0 uid=b1855081-d1b7-4725-8715-a34cebab07c8 volume name=test watchedNamespace= workerId=5
time="2024-05-25T06:14:07Z" level=info msg="Processing volumeMount" addedViaRedirty=false delayedViaRateLimit=5ms key=default/test-pod method=CreatePod mount directory=/home/jeng-yuantsai/default/test-pod/containers/job2/stress/job2 name=test-pod namespace=default node=vk operatingSystem=linux originallyAdded="2024-05-25 06:14:07.686937874 +0000 UTC m=+0.162710601" phase=Pending plannedForWork="2024-05-25 06:14:07.691937874 +0000 UTC m=+0.167710601" pod=test-pod provider=mock queue=syncPodsFromKubernetes reason= requeues=0 uid=b1855081-d1b7-4725-8715-a34cebab07c8 volume name=direct-stress watchedNamespace= workerId=5
time="2024-05-25T06:14:07Z" level=info msg="File in default volume directory" File name=test.sh addedViaRedirty=false delayedViaRateLimit=5ms key=default/test-pod method=CreatePod name=test-pod namespace=default node=vk operatingSystem=linux originallyAdded="2024-05-25 06:14:07.686937874 +0000 UTC m=+0.162710601" phase=Pending plannedForWork="2024-05-25 06:14:07.691937874 +0000 UTC m=+0.167710601" pod=test-pod provider=mock queue=syncPodsFromKubernetes reason= requeues=0 uid=b1855081-d1b7-4725-8715-a34cebab07c8 watchedNamespace= workerId=5
time="2024-05-25T06:14:07Z" level=info msg="File in default volume directory" File name=stress.sh addedViaRedirty=false delayedViaRateLimit=5ms key=default/test-pod method=CreatePod name=test-pod namespace=default node=vk operatingSystem=linux originallyAdded="2024-05-25 06:14:07.686937874 +0000 UTC m=+0.162710601" phase=Pending plannedForWork="2024-05-25 06:14:07.691937874 +0000 UTC m=+0.167710601" pod=test-pod provider=mock queue=syncPodsFromKubernetes reason= requeues=0 uid=b1855081-d1b7-4725-8715-a34cebab07c8 watchedNamespace= workerId=5
time="2024-05-25T06:14:07Z" level=info msg="Processing volumeMount" addedViaRedirty=false delayedViaRateLimit=5ms key=default/test-pod method=CreatePod mount directory=/home/jeng-yuantsai/default/test-pod/containers/job1/var/run/secrets/kubernetes.io/serviceaccount name=test-pod namespace=default node=vk operatingSystem=linux originallyAdded="2024-05-25 06:14:07.686937874 +0000 UTC m=+0.162710601" phase=Pending plannedForWork="2024-05-25 06:14:07.691937874 +0000 UTC m=+0.167710601" pod=test-pod provider=mock queue=syncPodsFromKubernetes reason= requeues=0 uid=b1855081-d1b7-4725-8715-a34cebab07c8 volume name=kube-api-access-h48ks watchedNamespace= workerId=5
time="2024-05-25T06:14:07Z" level=info msg="File in default volume directory" File name=ca.crt addedViaRedirty=false delayedViaRateLimit=5ms key=default/test-pod method=CreatePod name=test-pod namespace=default node=vk operatingSystem=linux originallyAdded="2024-05-25 06:14:07.686937874 +0000 UTC m=+0.162710601" phase=Pending plannedForWork="2024-05-25 06:14:07.691937874 +0000 UTC m=+0.167710601" pod=test-pod provider=mock queue=syncPodsFromKubernetes reason= requeues=0 uid=b1855081-d1b7-4725-8715-a34cebab07c8 watchedNamespace= workerId=5
time="2024-05-25T06:14:07Z" level=info msg="File name contains crt, key, or pem, skipping it" addedViaRedirty=false delayedViaRateLimit=5ms file_name=ca.crt key=default/test-pod method=CreatePod name=test-pod namespace=default node=vk operatingSystem=linux originallyAdded="2024-05-25 06:14:07.686937874 +0000 UTC m=+0.162710601" phase=Pending plannedForWork="2024-05-25 06:14:07.691937874 +0000 UTC m=+0.167710601" pod=test-pod provider=mock queue=syncPodsFromKubernetes reason= requeues=0 uid=b1855081-d1b7-4725-8715-a34cebab07c8 watchedNamespace= workerId=5
time="2024-05-25T06:14:07Z" level=info msg="Processing volumeMount" addedViaRedirty=false delayedViaRateLimit=5ms key=default/test-pod method=CreatePod mount directory=/home/jeng-yuantsai/default/test-pod/containers/job2/var/run/secrets/kubernetes.io/serviceaccount name=test-pod namespace=default node=vk operatingSystem=linux originallyAdded="2024-05-25 06:14:07.686937874 +0000 UTC m=+0.162710601" phase=Pending plannedForWork="2024-05-25 06:14:07.691937874 +0000 UTC m=+0.167710601" pod=test-pod provider=mock queue=syncPodsFromKubernetes reason= requeues=0 uid=b1855081-d1b7-4725-8715-a34cebab07c8 volume name=kube-api-access-h48ks watchedNamespace= workerId=5
time="2024-05-25T06:14:07Z" level=info msg="Command to be executed" addedViaRedirty=false command="[bash -c bash /home/jeng-yuantsai/default/test-pod/containers/job1/stress/job1/test.sh 10 2]" delayedViaRateLimit=5ms key=default/test-pod method=CreatePod name=test-pod namespace=default node=vk operatingSystem=linux originallyAdded="2024-05-25 06:14:07.686937874 +0000 UTC m=+0.162710601" phase=Pending plannedForWork="2024-05-25 06:14:07.691937874 +0000 UTC m=+0.167710601" pod=test-pod provider=mock queue=syncPodsFromKubernetes reason= requeues=0 uid=b1855081-d1b7-4725-8715-a34cebab07c8 watchedNamespace= workerId=5
time="2024-05-25T06:14:07Z" level=info msg="File in default volume directory" File name=ca.crt addedViaRedirty=false delayedViaRateLimit=5ms key=default/test-pod method=CreatePod name=test-pod namespace=default node=vk operatingSystem=linux originallyAdded="2024-05-25 06:14:07.686937874 +0000 UTC m=+0.162710601" phase=Pending plannedForWork="2024-05-25 06:14:07.691937874 +0000 UTC m=+0.167710601" pod=test-pod provider=mock queue=syncPodsFromKubernetes reason= requeues=0 uid=b1855081-d1b7-4725-8715-a34cebab07c8 watchedNamespace= workerId=5
time="2024-05-25T06:14:07Z" level=info msg="File name contains crt, key, or pem, skipping it" addedViaRedirty=false delayedViaRateLimit=5ms file_name=ca.crt key=default/test-pod method=CreatePod name=test-pod namespace=default node=vk operatingSystem=linux originallyAdded="2024-05-25 06:14:07.686937874 +0000 UTC m=+0.162710601" phase=Pending plannedForWork="2024-05-25 06:14:07.691937874 +0000 UTC m=+0.167710601" pod=test-pod provider=mock queue=syncPodsFromKubernetes reason= requeues=0 uid=b1855081-d1b7-4725-8715-a34cebab07c8 watchedNamespace= workerId=5
time="2024-05-25T06:14:07Z" level=info msg="Command to be executed" addedViaRedirty=false command="[bash -c bash /home/jeng-yuantsai/default/test-pod/containers/job2/stress/job2/stress.sh 300 1]" delayedViaRateLimit=5ms key=default/test-pod method=CreatePod name=test-pod namespace=default node=vk operatingSystem=linux originallyAdded="2024-05-25 06:14:07.686937874 +0000 UTC m=+0.162710601" phase=Pending plannedForWork="2024-05-25 06:14:07.691937874 +0000 UTC m=+0.167710601" pod=test-pod provider=mock queue=syncPodsFromKubernetes reason= requeues=0 uid=b1855081-d1b7-4725-8715-a34cebab07c8 watchedNamespace= workerId=5
time="2024-05-25T06:14:07Z" level=info msg=Ready node=vk operatingSystem=linux provider=mock watchedNamespace=
time="2024-05-25T06:14:08Z" level=info msg="Command is not finished yet after 1/2 seconds" addedViaRedirty=false command="[bash -c bash /home/jeng-yuantsai/default/test-pod/containers/job1/stress/job1/test.sh 10 2]" delayedViaRateLimit=5ms key=default/test-pod method=CreatePod name=test-pod namespace=default node=vk operatingSystem=linux originallyAdded="2024-05-25 06:14:07.686937874 +0000 UTC m=+0.162710601" phase=Pending plannedForWork="2024-05-25 06:14:07.691937874 +0000 UTC m=+0.167710601" pod=test-pod provider=mock queue=syncPodsFromKubernetes reason= requeues=0 uid=b1855081-d1b7-4725-8715-a34cebab07c8 watchedNamespace= workerId=5
time="2024-05-25T06:14:08Z" level=info msg="pgid file path" addedViaRedirty=false delayedViaRateLimit=5ms key=default/test-pod method=CreatePod name=test-pod namespace=default node=vk operatingSystem=linux originallyAdded="2024-05-25 06:14:07.686937874 +0000 UTC m=+0.162710601" pgid file path=/home/jeng-yuantsai/default/test-pod/containers/job1/pgid phase=Pending plannedForWork="2024-05-25 06:14:07.691937874 +0000 UTC m=+0.167710601" pod=test-pod provider=mock queue=syncPodsFromKubernetes reason= requeues=0 uid=b1855081-d1b7-4725-8715-a34cebab07c8 watchedNamespace= workerId=5
time="2024-05-25T06:14:08Z" level=info msg="Command is not finished yet after 1/2 seconds" addedViaRedirty=false command="[bash -c bash /home/jeng-yuantsai/default/test-pod/containers/job2/stress/job2/stress.sh 300 1]" delayedViaRateLimit=5ms key=default/test-pod method=CreatePod name=test-pod namespace=default node=vk operatingSystem=linux originallyAdded="2024-05-25 06:14:07.686937874 +0000 UTC m=+0.162710601" phase=Pending plannedForWork="2024-05-25 06:14:07.691937874 +0000 UTC m=+0.167710601" pod=test-pod provider=mock queue=syncPodsFromKubernetes reason= requeues=0 uid=b1855081-d1b7-4725-8715-a34cebab07c8 watchedNamespace= workerId=5
time="2024-05-25T06:14:08Z" level=info msg="pgid file path" addedViaRedirty=false delayedViaRateLimit=5ms key=default/test-pod method=CreatePod name=test-pod namespace=default node=vk operatingSystem=linux originallyAdded="2024-05-25 06:14:07.686937874 +0000 UTC m=+0.162710601" pgid file path=/home/jeng-yuantsai/default/test-pod/containers/job2/pgid phase=Pending plannedForWork="2024-05-25 06:14:07.691937874 +0000 UTC m=+0.167710601" pod=test-pod provider=mock queue=syncPodsFromKubernetes reason= requeues=0 uid=b1855081-d1b7-4725-8715-a34cebab07c8 watchedNamespace= workerId=5
time="2024-05-25T06:14:08Z" level=info msg="errorChannel closed" addedViaRedirty=false delayedViaRateLimit=5ms key=default/test-pod method=CreatePod name=test-pod namespace=default node=vk operatingSystem=linux originallyAdded="2024-05-25 06:14:07.686937874 +0000 UTC m=+0.162710601" phase=Pending plannedForWork="2024-05-25 06:14:07.691937874 +0000 UTC m=+0.167710601" pod=test-pod provider=mock queue=syncPodsFromKubernetes reason= requeues=0 uid=b1855081-d1b7-4725-8715-a34cebab07c8 watchedNamespace= workerId=5
time="2024-05-25T06:14:08Z" level=info msg="containerStatusChannel closed" addedViaRedirty=false delayedViaRateLimit=5ms key=default/test-pod method=CreatePod name=test-pod namespace=default node=vk operatingSystem=linux originallyAdded="2024-05-25 06:14:07.686937874 +0000 UTC m=+0.162710601" phase=Pending plannedForWork="2024-05-25 06:14:07.691937874 +0000 UTC m=+0.167710601" pod=test-pod provider=mock queue=syncPodsFromKubernetes reason= requeues=0 uid=b1855081-d1b7-4725-8715-a34cebab07c8 watchedNamespace= workerId=5
time="2024-05-25T06:14:08Z" level=info msg="Created pod in provider" addedViaRedirty=false delayedViaRateLimit=5ms key=default/test-pod method=createOrUpdatePod name=test-pod namespace=default node=vk operatingSystem=linux originallyAdded="2024-05-25 06:14:07.686937874 +0000 UTC m=+0.162710601" phase=Pending plannedForWork="2024-05-25 06:14:07.691937874 +0000 UTC m=+0.167710601" pod=test-pod provider=mock queue=syncPodsFromKubernetes reason= requeues=0 uid=b1855081-d1b7-4725-8715-a34cebab07c8 watchedNamespace= workerId=5
time="2024-05-25T06:14:08Z" level=info msg="Event(v1.ObjectReference{Kind:\"Pod\", Namespace:\"default\", Name:\"test-pod\", UID:\"b1855081-d1b7-4725-8715-a34cebab07c8\", APIVersion:\"v1\", ResourceVersion:\"8205697\", FieldPath:\"\"}): type: 'Normal' reason: 'ProviderCreateSuccess' Create pod in provider successfully" node=vk operatingSystem=linux provider=mock watchedNamespace=
time="2024-05-25T06:14:11Z" level=info msg="Pod CPU time: 4.16, Memory usage: 9449472.00 bytes, 9.01 MB\n" pod=test-pod
time="2024-05-25T06:14:11Z" level=info msg="pgid: 3277509\n" pgidFilePath=/home/jeng-yuantsai/default/test-pod/containers/job1/pgid
time="2024-05-25T06:14:12Z" level=info msg="Container CPU time: 0.01, Memory usage: 4476928.00 bytes, 4.27 MB\n" container=job1 method=GetMetricsResource
time="2024-05-25T06:14:12Z" level=info msg="pgid: 3277510\n" pgidFilePath=/home/jeng-yuantsai/default/test-pod/containers/job2/pgid
time="2024-05-25T06:14:12Z" level=info msg="Container CPU time: 4.39, Memory usage: 4972544.00 bytes, 4.74 MB\n" container=job2 method=GetMetricsResource
time="2024-05-25T06:14:12Z" level=info msg="receive GetPods" method=GetPods node=vk operatingSystem=linux provider=mock watchedNamespace=
time="2024-05-25T06:14:12Z" level=error msg="The stderr file is not empty."
time="2024-05-25T06:14:12Z" level=info msg="Process status: S\n" cmd="bash /home/jeng-yuantsai/default/test-pod/containers/job1/stress/job1/test.sh 10 2"
time="2024-05-25T06:14:12Z" level=info msg="Process status: S\n" cmd="sleep 10"
time="2024-05-25T06:14:12Z" level=info msg="Transitioning from Running to Running\n" container=job1
time="2024-05-25T06:14:12Z" level=info msg="Container state: &ContainerState{Waiting:nil,Running:&ContainerStateRunning{StartedAt:2024-05-25 06:14:07.700848707 +0000 UTC m=+0.176621432,},Terminated:nil,}\n" container=job1
time="2024-05-25T06:14:12Z" level=info msg="The stderr file is empty."
time="2024-05-25T06:14:12Z" level=info msg="Process status: S\n" cmd="bash /home/jeng-yuantsai/default/test-pod/containers/job2/stress/job2/stress.sh 300 1"
time="2024-05-25T06:14:12Z" level=info msg="Process status: S\n" cmd="stress --timeout 300 --cpu 1"
time="2024-05-25T06:14:12Z" level=info msg="Process status: R\n" cmd="stress --timeout 300 --cpu 1"
time="2024-05-25T06:14:12Z" level=info msg="Transitioning from Running to Running\n" container=job2
time="2024-05-25T06:14:12Z" level=info msg="Container state: &ContainerState{Waiting:nil,Running:&ContainerStateRunning{StartedAt:2024-05-25 06:14:07.700848707 +0000 UTC m=+0.176621432,},Terminated:nil,}\n" container=job2
time="2024-05-25T06:14:12Z" level=info msg="pod status: {Running [{PodScheduled True 0001-01-01 00:00:00 +0000 UTC 2024-05-25 06:14:07.694356286 +0000 UTC m=+0.170128987  } {Initialized True 0001-01-01 00:00:00 +0000 UTC 2024-05-25 06:14:07.694356286 +0000 UTC m=+0.170128987  } {Ready True 0001-01-01 00:00:00 +0000 UTC 2024-05-25 06:14:07.700848707 +0000 UTC m=+0.176621432  }]     172.17.0.1 [] 2024-05-25 06:14:07.694356286 +0000 UTC m=+0.170128987 [] [{job1 {nil &ContainerStateRunning{StartedAt:2024-05-25 06:14:07.700848707 +0000 UTC m=+0.176621432,} nil} {nil nil nil} true 0 test /home/jeng-yuantsai/default/test-pod/containers/job1/stress/job1/test.sh 3277509 <nil> map[] nil} {job2 {nil &ContainerStateRunning{StartedAt:2024-05-25 06:14:07.700848707 +0000 UTC m=+0.176621432,} nil} {nil nil nil} true 0 direct-stress /home/jeng-yuantsai/default/test-pod/containers/job2/stress/job2/stress.sh 3277510 <nil> map[] nil}]  [] }" node=vk operatingSystem=linux provider=mock watchedNamespace=
time="2024-05-25T06:14:17Z" level=error msg="Reason: cmdWaitError, Message: cmd.Wait() failed, Error: exit status 127" addedViaRedirty=false command="[bash -c bash /home/jeng-yuantsai/default/test-pod/containers/job1/stress/job1/test.sh 10 2]" delayedViaRateLimit=5ms key=default/test-pod method=CreatePod name=test-pod namespace=default node=vk operatingSystem=linux originallyAdded="2024-05-25 06:14:07.686937874 +0000 UTC m=+0.162710601" phase=Pending plannedForWork="2024-05-25 06:14:07.691937874 +0000 UTC m=+0.167710601" pod=test-pod provider=mock queue=syncPodsFromKubernetes reason= requeues=0 uid=b1855081-d1b7-4725-8715-a34cebab07c8 watchedNamespace= workerId=5
time="2024-05-25T06:14:17Z" level=info msg="receive GetPods" method=GetPods node=vk operatingSystem=linux provider=mock watchedNamespace=
time="2024-05-25T06:14:17Z" level=error msg="The stderr file is not empty."
time="2024-05-25T06:14:17Z" level=info msg="Transitioning from Running to Terminated\n" container=job1
time="2024-05-25T06:14:17Z" level=info msg="Container state: &ContainerState{Waiting:nil,Running:nil,Terminated:&ContainerStateTerminated{ExitCode:3,Signal:0,Reason:stderrNotEmpty,Message:The stderr file is not empty.,StartedAt:2024-05-25 06:14:07.700848707 +0000 UTC m=+0.176621432,FinishedAt:2024-05-25 06:14:17.83151391 +0000 UTC m=+10.307286538,ContainerID:,},}\n" container=job1
time="2024-05-25T06:14:17Z" level=info msg="The stderr file is empty."
time="2024-05-25T06:14:18Z" level=info msg="Process status: S\n" cmd="bash /home/jeng-yuantsai/default/test-pod/containers/job2/stress/job2/stress.sh 300 1"
time="2024-05-25T06:14:18Z" level=info msg="Process status: S\n" cmd="stress --timeout 300 --cpu 1"
time="2024-05-25T06:14:18Z" level=info msg="Process status: R\n" cmd="stress --timeout 300 --cpu 1"
time="2024-05-25T06:14:18Z" level=info msg="Transitioning from Running to Running\n" container=job2
time="2024-05-25T06:14:18Z" level=info msg="Container state: &ContainerState{Waiting:nil,Running:&ContainerStateRunning{StartedAt:2024-05-25 06:14:07.700848707 +0000 UTC m=+0.176621432,},Terminated:nil,}\n" container=job2
time="2024-05-25T06:14:18Z" level=info msg="pod status: {Running [{PodScheduled True 0001-01-01 00:00:00 +0000 UTC 2024-05-25 06:14:07.694356286 +0000 UTC m=+0.170128987  } {Initialized True 0001-01-01 00:00:00 +0000 UTC 2024-05-25 06:14:07.694356286 +0000 UTC m=+0.170128987  } {Ready True 0001-01-01 00:00:00 +0000 UTC 2024-05-25 06:14:07.700848707 +0000 UTC m=+0.176621432  }]     172.17.0.1 [] 2024-05-25 06:14:07.694356286 +0000 UTC m=+0.170128987 [] [{job1 {nil nil &ContainerStateTerminated{ExitCode:3,Signal:0,Reason:stderrNotEmpty,Message:The stderr file is not empty.,StartedAt:2024-05-25 06:14:07.700848707 +0000 UTC m=+0.176621432,FinishedAt:2024-05-25 06:14:17.83151391 +0000 UTC m=+10.307286538,ContainerID:,}} {nil nil nil} false 0 test /home/jeng-yuantsai/default/test-pod/containers/job1/stress/job1/test.sh 3277509 <nil> map[] nil} {job2 {nil &ContainerStateRunning{StartedAt:2024-05-25 06:14:07.700848707 +0000 UTC m=+0.176621432,} nil} {nil nil nil} true 0 direct-stress /home/jeng-yuantsai/default/test-pod/containers/job2/stress/job2/stress.sh 3277510 <nil> map[] nil}]  [] }" node=vk operatingSystem=linux provider=mock watchedNamespace=
time="2024-05-25T06:14:21Z" level=info msg="Received DeletePod \"test-pod\"" addedViaRedirty=false delayedViaRateLimit=5ms key=default/test-pod method=DeletePod name=test-pod namespace=default node=vk operatingSystem=linux originallyAdded="2024-05-25 06:14:21.932017725 +0000 UTC m=+14.407790352" phase=Running plannedForWork="2024-05-25 06:14:21.937017725 +0000 UTC m=+14.412790352" provider=mock queue=syncPodsFromKubernetes reason= requeues=0 uid=b1855081-d1b7-4725-8715-a34cebab07c8 watchedNamespace= workerId=4
Failed to get process username: user: unknown userid 65535
Failed to get process username: user: unknown userid 65535
Failed to get process username: user: unknown userid 65535
Failed to get process username: user: unknown userid 65532
Failed to get process username: user: unknown userid 65535
Failed to get process username: user: unknown userid 65532
Failed to get process username: user: unknown userid 65532
Failed to get process username: user: unknown userid 65535
Failed to get process username: user: unknown userid 65532
Failed to get process username: user: unknown userid 65535
Failed to get process username: user: unknown userid 65532
Failed to get process username: user: unknown userid 65532
Failed to get process username: user: unknown userid 65532
Failed to get process username: user: unknown userid 65535
Failed to get process username: user: unknown userid 65535
Failed to get process username: user: unknown userid 65532
Failed to get process username: user: unknown userid 65532
Failed to get process username: user: unknown userid 65532
Failed to get process username: user: unknown userid 65532
Failed to get process username: user: unknown userid 65532
Failed to get process username: user: unknown userid 65535
Failed to get process username: user: unknown userid 65535
Failed to get process username: user: unknown userid 65535
Failed to get process username: user: unknown userid 65535
Failed to get process username: user: unknown userid 65535
Failed to get process username: user: unknown userid 65535
Failed to get process username: user: unknown userid 65535
Failed to get process username: user: unknown userid 65535
Failed to get process username: user: unknown userid 65535
Failed to get process username: user: unknown userid 65532
Failed to get process username: user: unknown userid 65532
Failed to get process username: user: unknown userid 65535
Failed to get process username: user: unknown userid 65535
Failed to get process username: user: unknown userid 65535
Failed to get process username: user: unknown userid 65535
Failed to get process username: user: unknown userid 65535
Failed to get process username: user: unknown userid 65535
Failed to get process username: user: unknown userid 65535
Failed to get process username: user: unknown userid 65535
Failed to get process username: user: unknown userid 65535
Failed to get process username: user: unknown userid 65535
Failed to get process username: user: unknown userid 65535
Failed to get process username: user: unknown userid 65535
Failed to get process username: user: unknown userid 65532
Failed to get process username: user: unknown userid 65532
Failed to get process username: user: unknown userid 65535
Failed to get process username: user: unknown userid 65535
Failed to get process username: user: unknown userid 65535
Failed to get process 3277832 : process does not exist
Failed to get process 3277833 : process does not exist
Failed to get process 3277834 : process does not exist
Failed to get process 3277835 : process does not exist
Failed to get process 3277832 : process does not exist
Failed to get process 3277833 : process does not exist
Failed to get process 3277834 : process does not exist
Failed to get process 3277835 : process does not exist
time="2024-05-25T06:14:22Z" level=info msg="Get current jeng-yuantsai user processes: [39337 39467 39529 39541 39732 98907 98946 137113 137259 166716 207846 208065 353761 354048 384941 385169 385199 385706 431391 468620 468621 468629 468649 468738 518234 518358 584506 585088 594687 594698 635900 636046 636133 636142 636407 647158 647166 681930 682198 760098 760374 1096191 1101637 1101739 1101967 1101989 1102009 1102126 1102152 1102459 1103973 1103976 1117903 1118032 1118096 1118105 1118235 1134964 1135161 1213373 1213433 1228070 1228118 1232613 1232673 1389891 1390099 1449800 1450070 1450639 1450789 1468463 1468808 1468818 1469511 1472027 1472287 1477213 1477221 1485563 1485755 1485799 1485811 1486130 1499400 1506531 1507253 1513422 1514158 1573275 1573435 1573443 1573478 1573636 1573695 1615483 1615682 1626874 1626931 1627068 1627374 1627384 1627493 1627894 1627901 1628151 1628158 1628482 1628489 1628801 1628808 1629121 1629128 1629451 1629458 1629877 1629884 1630724 1630732 1631398 1631405 1632220 1632227 1633256 1633267 1633939 1633946 1634619 1634627 1635330 1635337 1635955 1635963 1636588 1636595 1637308 1637315 1637948 1637957 1638587 1638594 1639415 1639422 1640064 1640072 1641435 1641442 1642332 1642339 1643032 1643039 1644118 1644125 1644809 1644816 1645527 1645534 1646596 1646603 1647506 1647514 1648223 1648230 1649143 1649150 1649780 1649787 1650434 1650442 1651087 1651094 1651687 1651694 1652344 1652351 1652949 1652956 1653678 1653685 1654273 1654286 1654978 1654985 1655766 1655774 1656389 1656396 1657001 1657008 1657583 1657590 1658185 1658192 1658772 1658779 1659362 1659369 1660046 1660055 1660635 1660642 1661250 1661257 1661929 1661936 1662560 1662568 1663155 1663164 1663752 1663759 1664348 1664355 1665452 1665476 1666158 1666165 1667107 1667114 1667988 1667995 1668714 1668721 1669553 1669560 1670753 1670762 1671323 1671330 1671963 1671970 1673351 1673358 1674356 1674365 1675334 1675341 1676267 1676274 1677222 1677229 1678271 1678278 1678758 1678833 1678949 1678951 1678957 1678958 1679033 1679070 1679310 1679426 1679437 1679866 1679873 1680450 1680457 1681043 1681050 1681672 1681679 1682291 1682298 1683194 1683201 1683826 1683833 1684560 1684567 1685153 1685160 1685984 1685991 1686590 1686598 1687521 1687528 1688137 1688144 1688799 1688806 1689423 1689430 1689984 1689991 1690612 1690619 1691250 1691270 1691915 1691922 1692519 1692527 1693481 1693490 1694247 1694256 1695060 1695067 1696136 1696143 1696763 1696770 1697373 1697381 1698095 1698105 1698956 1698965 1699998 1700005 1700771 1700778 1701449 1701458 1702051 1702058 1702768 1702775 1703835 1703842 1704455 1704462 1705843 1705852 1706688 1706696 1707311 1707318 1708235 1708242 1708988 1708995 1709915 1709923 1710637 1710644 1711217 1711225 1711791 1711798 1712355 1712362 1712924 1712931 1713492 1713500 1714040 1714047 1714692 1714699 1715277 1715284 1715843 1715852 1716488 1716495 1717042 1717049 1717607 1717614 1718187 1718195 1718735 1718742 1719293 1719300 1719897 1719904 1720476 1720483 1721101 1721108 1721657 1721664 1722304 1722311 1722889 1722896 1723474 1723481 1724035 1724042 1724587 1724594 1725145 1725152 1725700 1725707 1726258 1726265 1726941 1726948 1727493 1727500 1728070 1728077 1728736 1728743 1729287 1729294 1729845 1729852 1730402 1730409 1730953 1730960 1731506 1731513 1732149 1732157 1732805 1732812 1733354 1733361 1733910 1733917 1734557 1734564 1735107 1735114 1735657 1735664 1736270 1736277 1736824 1736831 1737371 1737378 1737927 1737934 1738551 1738558 1739132 1739139 1739683 1739690 1740298 1740305 1740883 1740890 1741434 1741441 1742006 1742013 1742603 1742610 1743147 1743154 1743701 1743708 1744258 1744269 1744947 1744954 1745516 1745523 1746111 1746118 1746759 1746766 1747463 1747470 1747994 1748001 1748518 1748525 1749049 1749058 1749586 1749593 1750106 1750115 1751039 1751046 1751615 1751622 1752170 1752177 1752819 1752826 1753394 1753401 1753952 1753959 1754518 1754525 1755080 1755087 1755719 1755726 1757276 1757283 1757903 1757910 1758496 1758503 1759075 1759083 1759715 1759722 1760306 1760313 1760866 1760873 1761432 1761439 1761984 1761992 1762257 1762505 1762556 1762562 1763121 1763131 1763745 1763752 1764333 1764340 1764896 1764904 1765443 1765450 1766087 1766094 1766653 1766661 1767212 1767220 1767788 1767795 1768345 1768352 1768911 1768918 1769524 1769530 1770262 1770269 1770808 1770815 1771354 1771361 1771977 1771985 1772528 1772535 1773174 1773181 1773720 1773727 1774368 1774375 1774902 1774909 1775455 1775462 1776053 1776060 1776535 1776542 1777039 1777046 1777605 1777612 1778136 1778144 1778638 1778645 1779151 1779158 1779652 1779662 1780142 1780149 1780642 1780649 1781232 1781239 1781725 1781732 1782218 1782225 1782789 1782797 1783306 1783313 1783796 1783803 1784297 1784304 1784784 1784795 1785274 1785281 1785767 1785774 1786268 1786275 1786856 1786863 1787353 1787360 1788971 1788978 1789630 1789637 1790182 1790189 1790740 1790748 1791318 1791330 1791882 1791889 1792431 1792444 1792987 1792994 1793641 1793648 1794198 1794205 1794757 1794769 1795414 1795421 1795993 1796000 1796556 1796563 1797109 1797116 1797673 1797680 1798232 1798240 1798780 1798787 1799400 1799407 1799995 1800002 1800542 1800549 1801180 1801189 1801742 1801749 1802305 1802312 1802857 1802864 1803409 1803416 1803963 1803970 1804515 1804522 1805068 1805076 1805822 1805829 1806466 1806473 1807089 1807097 1807651 1807658 1808177 1808184 1808697 1808704 1809212 1809219 1809846 1809853 1810373 1810380 1810883 1810890 1811497 1811504 1812032 1812039 1812623 1812633 1813172 1813179 1813700 1813707 1814223 1814230 1814743 1814750 1815258 1815265 1815782 1815789 1816305 1816312 1816890 1816897 1817443 1817451 1817970 1817977 1818581 1818588 1819101 1819108 1819622 1819629 1820302 1820309 1820684 1820919 1820926 1820953 1821438 1821445 1822059 1822063 1822999 1823006 1823596 1823603 1824133 1824140 1824649 1824656 1825261 1825268 1826464 1826485 1831852 1831859 1832924 1832931 1833489 1833498 1834045 1834055 1834586 1834593 1835142 1835151 1835692 1835699 1836327 1836337 1836881 1836888 1837504 1837516 1838068 1838075 1838604 1838611 1839139 1839146 1839676 1839683 1840219 1840226 1840785 1840792 1841326 1841334 1841942 1841949 1842473 1842480 1843007 1843014 1843673 1843680 1844199 1844206 1844727 1844734 1845303 1845310 1845841 1845848 1846385 1846392 1846939 1846946 1847569 1847576 1848094 1848101 1848617 1848624 1849252 1849259 1849781 1849788 1850306 1850313 1850839 1850846 1851382 1851389 1851905 1851912 1852433 1852440 1853030 1853037 1853648 1853655 1855153 1855163 1855860 1855867 1856474 1856481 1857059 1857066 1857630 1857637 1858211 1858218 1858809 1858816 1859385 1859393 1859960 1859967 1860640 1860647 1861215 1861222 1861880 1861887 1862465 1862474 1863045 1863052 1868293 1868797 1883538 1883557 1883721 1883730 1883857 1884897 1885149 1906368 1906574 1906628 1906640 1906975 1934743 1935099 2015516 2015661 2015723 2015735 2015950 2023250 2023456 2023678 2091838 2136556 2136650 2136887 2136904 2136934 2137035 2137066 2137294 2137354 2137399 2137420 2137437 2137456 2137467 2137518 2137665 2140564 2148405 2153981 2154294 2222207 2222224 2224941 2225715 2254452 2254515 2368621 2369015 2375003 2375013 2375027 2375042 2375313 2376501 2376528 2376883 2376890 2377194 2377201 2377489 2377496 2377757 2377764 2378471 2378568 2384550 2384551 2384556 2384575 2384683 2384687 2384722 2384763 2384772 2384813 2384847 2384895 2385356 2385363 2385677 2385684 2385749 2385751 2385759 2385778 2385923 2385979 2385982 2385988 2386023 2386046 2386150 2386223 2386230 2386788 2386798 2387289 2387296 2387791 2387800 2388286 2388293 2388817 2388824 2389322 2389329 2389880 2389887 2390494 2390501 2390991 2391000 2391495 2391502 2392027 2392035 2392524 2392531 2393022 2393029 2393518 2393525 2394009 2394020 2394507 2394514 2395040 2395048 2395708 2395715 2396232 2396239 2396732 2396739 2397232 2397239 2397746 2397753 2398271 2398278 2398772 2398779 2399261 2399268 2399758 2399765 2400258 2400265 2400961 2400968 2401482 2401489 2401977 2401985 2402472 2402479 2402965 2402972 2403465 2403473 2404005 2404012 2404506 2404513 2404995 2405002 2405493 2405501 2406088 2406095 2406694 2406701 2407232 2407239 2407723 2407730 2408217 2408224 2408708 2408715 2409209 2409216 2409703 2409710 2410233 2410240 2410732 2410739 2411233 2411240 2411933 2411942 2412427 2412434 2412928 2412935 2413470 2413477 2413967 2413974 2414466 2414473 2414957 2414964 2415244 2415454 2415461 2415950 2415960 2416449 2416456 2417137 2417144 2417633 2417640 2418122 2418130 2418621 2418628 2419119 2419126 2419616 2419623 2420109 2420116 2420606 2420613 2421126 2421133 2421645 2421652 2422297 2422309 2422870 2422877 2423382 2423392 2423896 2423903 2424412 2424419 2424936 2424945 2425445 2425452 2425959 2425968 2426469 2426476 2426989 2426996 2427508 2427515 2428230 2428237 2428738 2428750 2429252 2429264 2429762 2429769 2430279 2430289 2430790 2430797 2431307 2431314 2431820 2431827 2432332 2432339 2432838 2432845 2433506 2433513 2434061 2434070 2434575 2434582 2435087 2435094 2435600 2435612 2436115 2436127 2436637 2436644 2437157 2437167 2437675 2437682 2438196 2438203 2438783 2438790 2439426 2439434 2439947 2439954 2440467 2440474 2440988 2440995 2441505 2441512 2442023 2442030 2442540 2442550 2443057 2443064 2443589 2443596 2444167 2444177 2444800 2444807 2445291 2445298 2445784 2445791 2446273 2446283 2446769 2446777 2447259 2447266 2447753 2447762 2448246 2448253 2448739 2448746 2448853 2449154 2449199 2449208 2449259 2449268 2449602 2449911 2449923 2450403 2450410 2450886 2450896 2451385 2451395 2451880 2451887 2452380 2452387 2452874 2452881 2453366 2453373 2453855 2453862 2454350 2454357 2455006 2455013 2455523 2455530 2456016 2456023 2456508 2456517 2456999 2457007 2457491 2457498 2457983 2457990 2458491 2458498 2458982 2458989 2459482 2459489 2460074 2460081 2460663 2460670 2461149 2461156 2461647 2461656 2462139 2462146 2462633 2462640 2463123 2463130 2463610 2463617 2464105 2464112 2464590 2464597 2465148 2465155 2465732 2465742 2466249 2466256 2466745 2466752 2467238 2467245 2467733 2467740 2468228 2468235 2468716 2468723 2469206 2469213 2469692 2469705 2470219 2470232 2470817 2470830 2471352 2471362 2471846 2471853 2472338 2472345 2472829 2472836 2473328 2473335 2473821 2473828 2474312 2474319 2474810 2474817 2475301 2475310 2475881 2475888 2476477 2476487 2476967 2476977 2477462 2477469 2477946 2477953 2478439 2478446 2478926 2478936 2479420 2479427 2479917 2479924 2480408 2480415 2480965 2480972 2481550 2481556 2482066 2482073 2482560 2482570 2483049 2483056 2483543 2483550 2484029 2484036 2484515 2484525 2485011 2485018 2485507 2485514 2485989 2485996 2486004 2486011 2486022 2486031 2486066 2486073 2486084 2486608 2486615 2487172 2487179 2487667 2487674 2488164 2488171 2488654 2488661 2489150 2489158 2489636 2489647 2490127 2490134 2490617 2490627 2491109 2491116 2491692 2491702 2492279 2492289 2492774 2492781 2493267 2493274 2493763 2493770 2494253 2494260 2494750 2494757 2495239 2495246 2495724 2495731 2496214 2496225 2496772 2496779 2497356 2497366 2497871 2497881 2498362 2498372 2498846 2498853 2499338 2499345 2499835 2499842 2500330 2500337 2500823 2500830 2501312 2501319 2501808 2501816 2502460 2502467 2502975 2502982 2503465 2503472 2503962 2503969 2504448 2504455 2504940 2504947 2505428 2505435 2505924 2505931 2506412 2506419 2506902 2506909 2507486 2507493 2508074 2508083 2508560 2508567 2509052 2509059 2509546 2509554 2510029 2510040 2510518 2510525 2511012 2511019 2511493 2511506 2511988 2511995 2512576 2512583 2513157 2513164 2513652 2513659 2514141 2514148 2514633 2514641 2515129 2515136 2515621 2515628 2516119 2516126 2516604 2516611 2517090 2517097 2517679 2517686 2518234 2518241 2518753 2518760 2519244 2519251 2519749 2519756 2520247 2520257 2520746 2520755 2521244 2521252 2521741 2521748 2522236 2522243 2522730 2522737 2523317 2523325 2523900 2523907 2524387 2524394 2524884 2524892 2525374 2525381 2525867 2525874 2526362 2526369 2526862 2526869 2527352 2527359 2527844 2527851 2528430 2528437 2529020 2529027 2529464 2529512 2529519 2530004 2530011 2530071 2530505 2530515 2530996 2531003 2531490 2531505 2531983 2531990 2532478 2532485 2532971 2532978 2533534 2533542 2534119 2534126 2534651 2534658 2535143 2535150 2535646 2535653 2536159 2536166 2536683 2536690 2537193 2537200 2537711 2537718 2538202 2538216 2538223 2538486 2538819 2538826 2539358 2539365 2539965 2539972 2540481 2540488 2540999 2541006 2541515 2541522 2542033 2542040 2542551 2542558 2543063 2543070 2543577 2543585 2544106 2544120 2544696 2544707 2545302 2545309 2546351 2546361 2546861 2546868 2547375 2547383 2547871 2547880 2548372 2548379 2548864 2548871 2549354 2549361 2549853 2549860 2550440 2550447 2551000 2551007 2551525 2551533 2552016 2552023 2552508 2552515 2552999 2553009 2553503 2553510 2554000 2554007 2554492 2554499 2554993 2555002 2555566 2555574 2556153 2556161 2556672 2556680 2557169 2557176 2557667 2557674 2558156 2558163 2558646 2558653 2559143 2559150 2559636 2559643 2560133 2560140 2560658 2560668 2561228 2561235 2561814 2561821 2562306 2562313 2562803 2562810 2563304 2563311 2563796 2563803 2564282 2564290 2564780 2564787 2565282 2565289 2565776 2565784 2566372 2566379 2566959 2566966 2567457 2567464 2567942 2567949 2568438 2568445 2568928 2568935 2569411 2569418 2600212 2600213 2648754 2648767 2700979 2701178 2735912 2736618 2815291 2815994 2821349 2822104 2835932 2835938 2914634 2914757 2954205 2954232 2978073 3011611 3011772 3029981 3030166 3040012 3040040 3040200 3040209 3040602 3040865 3046472 3046532 3091509 3091649 3102968 3146466 3146666 3187071 3187295 3202599 3202806 3202897 3202906 3203029 3222760 3223024 3275883 3276978 3277005 3277488 3277490 3277510 3277512 3277514 3277739 3277829 3277852 3303895 3304215 3328909 3329064 3329147 3329159 3329305 3340624 3341331 3341384 3341393 3341520 3480144 3480302 3488717 3489011 3522725 3523033 3621839 3622020 3660565 3660772 3663094 3663351 3663410 3663419 3663780 3665582 3665857 3689805 3689983 3714056 3714317 3715077 3715299 3731795 3731802 3801125 3801321 3813920 3813960 3839086 3839349 3841769 3841777 3868609 3868919 3881735 3881743 3894154 3894560 3906420 3906427 3934919 3935330 3965479 3965486 3970195 3970685 3977492 3977499 3981749 3982288 4010537 4010545 4011361 4011684 4071965 4072537 4083578 4083609 4180717 4180967]" addedViaRedirty=false delayedViaRateLimit=5ms key=default/test-pod method=DeletePod name=test-pod namespace=default node=vk operatingSystem=linux originallyAdded="2024-05-25 06:14:21.932017725 +0000 UTC m=+14.407790352" phase=Running plannedForWork="2024-05-25 06:14:21.937017725 +0000 UTC m=+14.412790352" provider=mock queue=syncPodsFromKubernetes reason= requeues=0 uid=b1855081-d1b7-4725-8715-a34cebab07c8 watchedNamespace= workerId=4
Stopping process 3277510
Stopping process 3277512
Stopping process 3277514
time="2024-05-25T06:14:22Z" level=info msg="Get current jeng-yuantsai user processes: [39337 39467 39529 39541 39732 98907 98946 137113 137259 166716 207846 208065 353761 354048 384941 385169 385199 385706 431391 468620 468621 468629 468649 468738 518234 518358 584506 585088 594687 594698 635900 636046 636133 636142 636407 647158 647166 681930 682198 760098 760374 1096191 1101637 1101739 1101967 1101989 1102009 1102126 1102152 1102459 1103973 1103976 1117903 1118032 1118096 1118105 1118235 1134964 1135161 1213373 1213433 1228070 1228118 1232613 1232673 1389891 1390099 1449800 1450070 1450639 1450789 1468463 1468808 1468818 1469511 1472027 1472287 1477213 1477221 1485563 1485755 1485799 1485811 1486130 1499400 1506531 1507253 1513422 1514158 1573275 1573435 1573443 1573478 1573636 1573695 1615483 1615682 1626874 1626931 1627068 1627374 1627384 1627493 1627894 1627901 1628151 1628158 1628482 1628489 1628801 1628808 1629121 1629128 1629451 1629458 1629877 1629884 1630724 1630732 1631398 1631405 1632220 1632227 1633256 1633267 1633939 1633946 1634619 1634627 1635330 1635337 1635955 1635963 1636588 1636595 1637308 1637315 1637948 1637957 1638587 1638594 1639415 1639422 1640064 1640072 1641435 1641442 1642332 1642339 1643032 1643039 1644118 1644125 1644809 1644816 1645527 1645534 1646596 1646603 1647506 1647514 1648223 1648230 1649143 1649150 1649780 1649787 1650434 1650442 1651087 1651094 1651687 1651694 1652344 1652351 1652949 1652956 1653678 1653685 1654273 1654286 1654978 1654985 1655766 1655774 1656389 1656396 1657001 1657008 1657583 1657590 1658185 1658192 1658772 1658779 1659362 1659369 1660046 1660055 1660635 1660642 1661250 1661257 1661929 1661936 1662560 1662568 1663155 1663164 1663752 1663759 1664348 1664355 1665452 1665476 1666158 1666165 1667107 1667114 1667988 1667995 1668714 1668721 1669553 1669560 1670753 1670762 1671323 1671330 1671963 1671970 1673351 1673358 1674356 1674365 1675334 1675341 1676267 1676274 1677222 1677229 1678271 1678278 1678758 1678833 1678949 1678951 1678957 1678958 1679033 1679070 1679310 1679426 1679437 1679866 1679873 1680450 1680457 1681043 1681050 1681672 1681679 1682291 1682298 1683194 1683201 1683826 1683833 1684560 1684567 1685153 1685160 1685984 1685991 1686590 1686598 1687521 1687528 1688137 1688144 1688799 1688806 1689423 1689430 1689984 1689991 1690612 1690619 1691250 1691270 1691915 1691922 1692519 1692527 1693481 1693490 1694247 1694256 1695060 1695067 1696136 1696143 1696763 1696770 1697373 1697381 1698095 1698105 1698956 1698965 1699998 1700005 1700771 1700778 1701449 1701458 1702051 1702058 1702768 1702775 1703835 1703842 1704455 1704462 1705843 1705852 1706688 1706696 1707311 1707318 1708235 1708242 1708988 1708995 1709915 1709923 1710637 1710644 1711217 1711225 1711791 1711798 1712355 1712362 1712924 1712931 1713492 1713500 1714040 1714047 1714692 1714699 1715277 1715284 1715843 1715852 1716488 1716495 1717042 1717049 1717607 1717614 1718187 1718195 1718735 1718742 1719293 1719300 1719897 1719904 1720476 1720483 1721101 1721108 1721657 1721664 1722304 1722311 1722889 1722896 1723474 1723481 1724035 1724042 1724587 1724594 1725145 1725152 1725700 1725707 1726258 1726265 1726941 1726948 1727493 1727500 1728070 1728077 1728736 1728743 1729287 1729294 1729845 1729852 1730402 1730409 1730953 1730960 1731506 1731513 1732149 1732157 1732805 1732812 1733354 1733361 1733910 1733917 1734557 1734564 1735107 1735114 1735657 1735664 1736270 1736277 1736824 1736831 1737371 1737378 1737927 1737934 1738551 1738558 1739132 1739139 1739683 1739690 1740298 1740305 1740883 1740890 1741434 1741441 1742006 1742013 1742603 1742610 1743147 1743154 1743701 1743708 1744258 1744269 1744947 1744954 1745516 1745523 1746111 1746118 1746759 1746766 1747463 1747470 1747994 1748001 1748518 1748525 1749049 1749058 1749586 1749593 1750106 1750115 1751039 1751046 1751615 1751622 1752170 1752177 1752819 1752826 1753394 1753401 1753952 1753959 1754518 1754525 1755080 1755087 1755719 1755726 1757276 1757283 1757903 1757910 1758496 1758503 1759075 1759083 1759715 1759722 1760306 1760313 1760866 1760873 1761432 1761439 1761984 1761992 1762257 1762505 1762556 1762562 1763121 1763131 1763745 1763752 1764333 1764340 1764896 1764904 1765443 1765450 1766087 1766094 1766653 1766661 1767212 1767220 1767788 1767795 1768345 1768352 1768911 1768918 1769524 1769530 1770262 1770269 1770808 1770815 1771354 1771361 1771977 1771985 1772528 1772535 1773174 1773181 1773720 1773727 1774368 1774375 1774902 1774909 1775455 1775462 1776053 1776060 1776535 1776542 1777039 1777046 1777605 1777612 1778136 1778144 1778638 1778645 1779151 1779158 1779652 1779662 1780142 1780149 1780642 1780649 1781232 1781239 1781725 1781732 1782218 1782225 1782789 1782797 1783306 1783313 1783796 1783803 1784297 1784304 1784784 1784795 1785274 1785281 1785767 1785774 1786268 1786275 1786856 1786863 1787353 1787360 1788971 1788978 1789630 1789637 1790182 1790189 1790740 1790748 1791318 1791330 1791882 1791889 1792431 1792444 1792987 1792994 1793641 1793648 1794198 1794205 1794757 1794769 1795414 1795421 1795993 1796000 1796556 1796563 1797109 1797116 1797673 1797680 1798232 1798240 1798780 1798787 1799400 1799407 1799995 1800002 1800542 1800549 1801180 1801189 1801742 1801749 1802305 1802312 1802857 1802864 1803409 1803416 1803963 1803970 1804515 1804522 1805068 1805076 1805822 1805829 1806466 1806473 1807089 1807097 1807651 1807658 1808177 1808184 1808697 1808704 1809212 1809219 1809846 1809853 1810373 1810380 1810883 1810890 1811497 1811504 1812032 1812039 1812623 1812633 1813172 1813179 1813700 1813707 1814223 1814230 1814743 1814750 1815258 1815265 1815782 1815789 1816305 1816312 1816890 1816897 1817443 1817451 1817970 1817977 1818581 1818588 1819101 1819108 1819622 1819629 1820302 1820309 1820684 1820919 1820926 1820953 1821438 1821445 1822059 1822063 1822999 1823006 1823596 1823603 1824133 1824140 1824649 1824656 1825261 1825268 1826464 1826485 1831852 1831859 1832924 1832931 1833489 1833498 1834045 1834055 1834586 1834593 1835142 1835151 1835692 1835699 1836327 1836337 1836881 1836888 1837504 1837516 1838068 1838075 1838604 1838611 1839139 1839146 1839676 1839683 1840219 1840226 1840785 1840792 1841326 1841334 1841942 1841949 1842473 1842480 1843007 1843014 1843673 1843680 1844199 1844206 1844727 1844734 1845303 1845310 1845841 1845848 1846385 1846392 1846939 1846946 1847569 1847576 1848094 1848101 1848617 1848624 1849252 1849259 1849781 1849788 1850306 1850313 1850839 1850846 1851382 1851389 1851905 1851912 1852433 1852440 1853030 1853037 1853648 1853655 1855153 1855163 1855860 1855867 1856474 1856481 1857059 1857066 1857630 1857637 1858211 1858218 1858809 1858816 1859385 1859393 1859960 1859967 1860640 1860647 1861215 1861222 1861880 1861887 1862465 1862474 1863045 1863052 1868293 1868797 1883538 1883557 1883721 1883730 1883857 1884897 1885149 1906368 1906574 1906628 1906640 1906975 1934743 1935099 2015516 2015661 2015723 2015735 2015950 2023250 2023456 2023678 2091838 2136556 2136650 2136887 2136904 2136934 2137035 2137066 2137294 2137354 2137399 2137420 2137437 2137456 2137467 2137518 2137665 2140564 2148405 2153981 2154294 2222207 2222224 2224941 2225715 2254452 2254515 2368621 2369015 2375003 2375013 2375027 2375042 2375313 2376501 2376528 2376883 2376890 2377194 2377201 2377489 2377496 2377757 2377764 2378471 2378568 2384550 2384551 2384556 2384575 2384683 2384687 2384722 2384763 2384772 2384813 2384847 2384895 2385356 2385363 2385677 2385684 2385749 2385751 2385759 2385778 2385923 2385979 2385982 2385988 2386023 2386046 2386150 2386223 2386230 2386788 2386798 2387289 2387296 2387791 2387800 2388286 2388293 2388817 2388824 2389322 2389329 2389880 2389887 2390494 2390501 2390991 2391000 2391495 2391502 2392027 2392035 2392524 2392531 2393022 2393029 2393518 2393525 2394009 2394020 2394507 2394514 2395040 2395048 2395708 2395715 2396232 2396239 2396732 2396739 2397232 2397239 2397746 2397753 2398271 2398278 2398772 2398779 2399261 2399268 2399758 2399765 2400258 2400265 2400961 2400968 2401482 2401489 2401977 2401985 2402472 2402479 2402965 2402972 2403465 2403473 2404005 2404012 2404506 2404513 2404995 2405002 2405493 2405501 2406088 2406095 2406694 2406701 2407232 2407239 2407723 2407730 2408217 2408224 2408708 2408715 2409209 2409216 2409703 2409710 2410233 2410240 2410732 2410739 2411233 2411240 2411933 2411942 2412427 2412434 2412928 2412935 2413470 2413477 2413967 2413974 2414466 2414473 2414957 2414964 2415244 2415454 2415461 2415950 2415960 2416449 2416456 2417137 2417144 2417633 2417640 2418122 2418130 2418621 2418628 2419119 2419126 2419616 2419623 2420109 2420116 2420606 2420613 2421126 2421133 2421645 2421652 2422297 2422309 2422870 2422877 2423382 2423392 2423896 2423903 2424412 2424419 2424936 2424945 2425445 2425452 2425959 2425968 2426469 2426476 2426989 2426996 2427508 2427515 2428230 2428237 2428738 2428750 2429252 2429264 2429762 2429769 2430279 2430289 2430790 2430797 2431307 2431314 2431820 2431827 2432332 2432339 2432838 2432845 2433506 2433513 2434061 2434070 2434575 2434582 2435087 2435094 2435600 2435612 2436115 2436127 2436637 2436644 2437157 2437167 2437675 2437682 2438196 2438203 2438783 2438790 2439426 2439434 2439947 2439954 2440467 2440474 2440988 2440995 2441505 2441512 2442023 2442030 2442540 2442550 2443057 2443064 2443589 2443596 2444167 2444177 2444800 2444807 2445291 2445298 2445784 2445791 2446273 2446283 2446769 2446777 2447259 2447266 2447753 2447762 2448246 2448253 2448739 2448746 2448853 2449154 2449199 2449208 2449259 2449268 2449602 2449911 2449923 2450403 2450410 2450886 2450896 2451385 2451395 2451880 2451887 2452380 2452387 2452874 2452881 2453366 2453373 2453855 2453862 2454350 2454357 2455006 2455013 2455523 2455530 2456016 2456023 2456508 2456517 2456999 2457007 2457491 2457498 2457983 2457990 2458491 2458498 2458982 2458989 2459482 2459489 2460074 2460081 2460663 2460670 2461149 2461156 2461647 2461656 2462139 2462146 2462633 2462640 2463123 2463130 2463610 2463617 2464105 2464112 2464590 2464597 2465148 2465155 2465732 2465742 2466249 2466256 2466745 2466752 2467238 2467245 2467733 2467740 2468228 2468235 2468716 2468723 2469206 2469213 2469692 2469705 2470219 2470232 2470817 2470830 2471352 2471362 2471846 2471853 2472338 2472345 2472829 2472836 2473328 2473335 2473821 2473828 2474312 2474319 2474810 2474817 2475301 2475310 2475881 2475888 2476477 2476487 2476967 2476977 2477462 2477469 2477946 2477953 2478439 2478446 2478926 2478936 2479420 2479427 2479917 2479924 2480408 2480415 2480965 2480972 2481550 2481556 2482066 2482073 2482560 2482570 2483049 2483056 2483543 2483550 2484029 2484036 2484515 2484525 2485011 2485018 2485507 2485514 2485989 2485996 2486004 2486011 2486022 2486031 2486066 2486073 2486084 2486608 2486615 2487172 2487179 2487667 2487674 2488164 2488171 2488654 2488661 2489150 2489158 2489636 2489647 2490127 2490134 2490617 2490627 2491109 2491116 2491692 2491702 2492279 2492289 2492774 2492781 2493267 2493274 2493763 2493770 2494253 2494260 2494750 2494757 2495239 2495246 2495724 2495731 2496214 2496225 2496772 2496779 2497356 2497366 2497871 2497881 2498362 2498372 2498846 2498853 2499338 2499345 2499835 2499842 2500330 2500337 2500823 2500830 2501312 2501319 2501808 2501816 2502460 2502467 2502975 2502982 2503465 2503472 2503962 2503969 2504448 2504455 2504940 2504947 2505428 2505435 2505924 2505931 2506412 2506419 2506902 2506909 2507486 2507493 2508074 2508083 2508560 2508567 2509052 2509059 2509546 2509554 2510029 2510040 2510518 2510525 2511012 2511019 2511493 2511506 2511988 2511995 2512576 2512583 2513157 2513164 2513652 2513659 2514141 2514148 2514633 2514641 2515129 2515136 2515621 2515628 2516119 2516126 2516604 2516611 2517090 2517097 2517679 2517686 2518234 2518241 2518753 2518760 2519244 2519251 2519749 2519756 2520247 2520257 2520746 2520755 2521244 2521252 2521741 2521748 2522236 2522243 2522730 2522737 2523317 2523325 2523900 2523907 2524387 2524394 2524884 2524892 2525374 2525381 2525867 2525874 2526362 2526369 2526862 2526869 2527352 2527359 2527844 2527851 2528430 2528437 2529020 2529027 2529464 2529512 2529519 2530004 2530011 2530071 2530505 2530515 2530996 2531003 2531490 2531505 2531983 2531990 2532478 2532485 2532971 2532978 2533534 2533542 2534119 2534126 2534651 2534658 2535143 2535150 2535646 2535653 2536159 2536166 2536683 2536690 2537193 2537200 2537711 2537718 2538202 2538216 2538223 2538486 2538819 2538826 2539358 2539365 2539965 2539972 2540481 2540488 2540999 2541006 2541515 2541522 2542033 2542040 2542551 2542558 2543063 2543070 2543577 2543585 2544106 2544120 2544696 2544707 2545302 2545309 2546351 2546361 2546861 2546868 2547375 2547383 2547871 2547880 2548372 2548379 2548864 2548871 2549354 2549361 2549853 2549860 2550440 2550447 2551000 2551007 2551525 2551533 2552016 2552023 2552508 2552515 2552999 2553009 2553503 2553510 2554000 2554007 2554492 2554499 2554993 2555002 2555566 2555574 2556153 2556161 2556672 2556680 2557169 2557176 2557667 2557674 2558156 2558163 2558646 2558653 2559143 2559150 2559636 2559643 2560133 2560140 2560658 2560668 2561228 2561235 2561814 2561821 2562306 2562313 2562803 2562810 2563304 2563311 2563796 2563803 2564282 2564290 2564780 2564787 2565282 2565289 2565776 2565784 2566372 2566379 2566959 2566966 2567457 2567464 2567942 2567949 2568438 2568445 2568928 2568935 2569411 2569418 2600212 2600213 2648754 2648767 2700979 2701178 2735912 2736618 2815291 2815994 2821349 2822104 2835932 2835938 2914634 2914757 2954205 2954232 2978073 3011611 3011772 3029981 3030166 3040012 3040040 3040200 3040209 3040602 3040865 3046472 3046532 3091509 3091649 3102968 3146466 3146666 3187071 3187295 3202599 3202806 3202897 3202906 3203029 3222760 3223024 3275883 3276978 3277005 3277488 3277490 3277510 3277512 3277514 3277739 3277829 3277852 3303895 3304215 3328909 3329064 3329147 3329159 3329305 3340624 3341331 3341384 3341393 3341520 3480144 3480302 3488717 3489011 3522725 3523033 3621839 3622020 3660565 3660772 3663094 3663351 3663410 3663419 3663780 3665582 3665857 3689805 3689983 3714056 3714317 3715077 3715299 3731795 3731802 3801125 3801321 3813920 3813960 3839086 3839349 3841769 3841777 3868609 3868919 3881735 3881743 3894154 3894560 3906420 3906427 3934919 3935330 3965479 3965486 3970195 3970685 3977492 3977499 3981749 3982288 4010537 4010545 4011361 4011684 4071965 4072537 4083578 4083609 4180717 4180967]" addedViaRedirty=false delayedViaRateLimit=5ms key=default/test-pod method=DeletePod name=test-pod namespace=default node=vk operatingSystem=linux originallyAdded="2024-05-25 06:14:21.932017725 +0000 UTC m=+14.407790352" phase=Running plannedForWork="2024-05-25 06:14:21.937017725 +0000 UTC m=+14.412790352" provider=mock queue=syncPodsFromKubernetes reason= requeues=0 uid=b1855081-d1b7-4725-8715-a34cebab07c8 watchedNamespace= workerId=4
time="2024-05-25T06:14:23Z" level=info msg="receive GetPods" method=GetPods node=vk operatingSystem=linux provider=mock watchedNamespace=
time="2024-05-25T06:14:23Z" level=error msg="The stderr file is not empty."
time="2024-05-25T06:14:23Z" level=info msg="Transitioning from Terminated to Terminated\n" container=job1
time="2024-05-25T06:14:23Z" level=info msg="Container state: &ContainerState{Waiting:nil,Running:nil,Terminated:&ContainerStateTerminated{ExitCode:3,Signal:0,Reason:stderrNotEmpty,Message:The stderr file is not empty.,StartedAt:2024-05-25 06:14:07.700848707 +0000 UTC m=+0.176621432,FinishedAt:2024-05-25 06:14:17.83151391 +0000 UTC m=+10.307286538,ContainerID:,},}\n" container=job1
time="2024-05-25T06:14:23Z" level=info msg="The stderr file is empty."
time="2024-05-25T06:14:23Z" level=info msg="Process status: T\n" cmd="bash /home/jeng-yuantsai/default/test-pod/containers/job2/stress/job2/stress.sh 300 1"
time="2024-05-25T06:14:23Z" level=info msg="Process status: T\n" cmd="stress --timeout 300 --cpu 1"
time="2024-05-25T06:14:23Z" level=info msg="Process status: T\n" cmd="stress --timeout 300 --cpu 1"
time="2024-05-25T06:14:23Z" level=info msg="Transitioning from Running to Running\n" container=job2
time="2024-05-25T06:14:23Z" level=info msg="Container state: &ContainerState{Waiting:nil,Running:&ContainerStateRunning{StartedAt:2024-05-25 06:14:07.700848707 +0000 UTC m=+0.176621432,},Terminated:nil,}\n" container=job2
time="2024-05-25T06:14:23Z" level=info msg="pod status: {Running [{PodScheduled True 0001-01-01 00:00:00 +0000 UTC 2024-05-25 06:14:07.694356286 +0000 UTC m=+0.170128987  } {Initialized True 0001-01-01 00:00:00 +0000 UTC 2024-05-25 06:14:07.694356286 +0000 UTC m=+0.170128987  } {Ready True 0001-01-01 00:00:00 +0000 UTC 2024-05-25 06:14:07.700848707 +0000 UTC m=+0.176621432  }]     172.17.0.1 [] 2024-05-25 06:14:07.694356286 +0000 UTC m=+0.170128987 [] [{job1 {nil nil &ContainerStateTerminated{ExitCode:3,Signal:0,Reason:stderrNotEmpty,Message:The stderr file is not empty.,StartedAt:2024-05-25 06:14:07.700848707 +0000 UTC m=+0.176621432,FinishedAt:2024-05-25 06:14:17.83151391 +0000 UTC m=+10.307286538,ContainerID:,}} {nil nil nil} false 0 test /home/jeng-yuantsai/default/test-pod/containers/job1/stress/job1/test.sh 3277509 <nil> map[] nil} {job2 {nil &ContainerStateRunning{StartedAt:2024-05-25 06:14:07.700848707 +0000 UTC m=+0.176621432,} nil} {nil nil nil} true 0 direct-stress /home/jeng-yuantsai/default/test-pod/containers/job2/stress/job2/stress.sh 3277510 <nil> map[] nil}]  [] }" node=vk operatingSystem=linux provider=mock watchedNamespace=
Killing process 3277510
Killing process 3277514
Killing process 3277512
time="2024-05-25T06:14:25Z" level=error msg="Failed to delete pod" addedViaRedirty=false delayedViaRateLimit=5ms error="failed to get pgid: no such process" key=default/test-pod method=DeletePod name=test-pod namespace=default node=vk operatingSystem=linux originallyAdded="2024-05-25 06:14:21.932017725 +0000 UTC m=+14.407790352" phase=Running plannedForWork="2024-05-25 06:14:21.937017725 +0000 UTC m=+14.412790352" provider=mock queue=syncPodsFromKubernetes reason= requeues=0 uid=b1855081-d1b7-4725-8715-a34cebab07c8 watchedNamespace= workerId=4
time="2024-05-25T06:14:25Z" level=error msg="Reason: cmdWaitError, Message: cmd.Wait() failed, Error: signal: killed" addedViaRedirty=false command="[bash -c bash /home/jeng-yuantsai/default/test-pod/containers/job2/stress/job2/stress.sh 300 1]" delayedViaRateLimit=5ms key=default/test-pod method=CreatePod name=test-pod namespace=default node=vk operatingSystem=linux originallyAdded="2024-05-25 06:14:07.686937874 +0000 UTC m=+0.162710601" phase=Pending plannedForWork="2024-05-25 06:14:07.691937874 +0000 UTC m=+0.167710601" pod=test-pod provider=mock queue=syncPodsFromKubernetes reason= requeues=0 uid=b1855081-d1b7-4725-8715-a34cebab07c8 watchedNamespace= workerId=5
time="2024-05-25T06:14:25Z" level=info msg="Event(v1.ObjectReference{Kind:\"Pod\", Namespace:\"default\", Name:\"test-pod\", UID:\"b1855081-d1b7-4725-8715-a34cebab07c8\", APIVersion:\"v1\", ResourceVersion:\"8205730\", FieldPath:\"\"}): type: 'Normal' reason: 'ProviderDeleteSuccess' Delete pod in provider successfully" node=vk operatingSystem=linux provider=mock watchedNamespace=
time="2024-05-25T06:14:28Z" level=info msg="receive GetPods" method=GetPods node=vk operatingSystem=linux provider=mock watchedNamespace=
time="2024-05-25T06:14:33Z" level=info msg="receive GetPods" method=GetPods node=vk operatingSystem=linux provider=mock watchedNamespace=
time="2024-05-25T06:14:38Z" level=info msg="receive GetPods" method=GetPods node=vk operatingSystem=linux provider=mock watchedNamespace=
time="2024-05-25T06:14:43Z" level=info msg="receive GetPods" method=GetPods node=vk operatingSystem=linux provider=mock watchedNamespace=
time="2024-05-25T06:14:48Z" level=info msg="receive GetPods" method=GetPods node=vk operatingSystem=linux provider=mock watchedNamespace=
time="2024-05-25T06:14:53Z" level=info msg="receive GetPods" method=GetPods node=vk operatingSystem=linux provider=mock watchedNamespace=
time="2024-05-25T06:14:55Z" level=error msg="Force deleting pod in running state" addedViaRedirty=false key=default/test-pod/b1855081-d1b7-4725-8715-a34cebab07c8 method=deletePodsFromKubernetesHandler name=test-pod namespace=default node=vk operatingSystem=linux originallyAdded="2024-05-25 06:14:25.223863037 +0000 UTC m=+17.699635712" plannedForWork="2024-05-25 06:14:55.223863037 +0000 UTC m=+47.699635712" provider=mock queue=deletePodsFromKubernetes requeues=0 watchedNamespace= workerId=9
time="2024-05-25T06:14:55Z" level=info msg="receive GetPod \"test-pod\"" addedViaRedirty=false delayedViaRateLimit=5ms key=default/test-pod method=GetPod name=test-pod namespace=default node=vk operatingSystem=linux originallyAdded="2024-05-25 06:14:55.236811424 +0000 UTC m=+47.712584053" plannedForWork="2024-05-25 06:14:55.239519166 +0000 UTC m=+47.715291795" provider=mock queue=syncPodsFromKubernetes requeues=0 watchedNamespace= workerId=9
time="2024-05-25T06:14:55Z" level=warning msg="forgetting \"default/test-pod/b1855081-d1b7-4725-8715-a34cebab07c8\" as told to forget while in progress" addedViaRedirty=false error="<nil>" key=default/test-pod/b1855081-d1b7-4725-8715-a34cebab07c8 method=handleQueueItemObject node=vk operatingSystem=linux originallyAdded="2024-05-25 06:14:25.223863037 +0000 UTC m=+17.699635712" plannedForWork="2024-05-25 06:14:55.223863037 +0000 UTC m=+47.699635712" provider=mock queue=deletePodsFromKubernetes requeues=0 watchedNamespace= workerId=9
time="2024-05-25T06:14:58Z" level=info msg="receive GetPods" method=GetPods node=vk operatingSystem=linux provider=mock watchedNamespace=
time="2024-05-25T06:15:03Z" level=info msg="receive GetPods" method=GetPods node=vk operatingSystem=linux provider=mock watchedNamespace=
time="2024-05-25T06:15:08Z" level=info msg="receive GetPods" method=GetPods node=vk operatingSystem=linux provider=mock watchedNamespace=
time="2024-05-25T06:15:13Z" level=info msg="receive GetPods" method=GetPods node=vk operatingSystem=linux provider=mock watchedNamespace=
time="2024-05-25T06:15:18Z" level=info msg="receive GetPods" method=GetPods node=vk operatingSystem=linux provider=mock watchedNamespace=
time="2024-05-25T06:15:23Z" level=info msg="receive GetPods" method=GetPods node=vk operatingSystem=linux provider=mock watchedNamespace=
time="2024-05-25T06:15:28Z" level=info msg="receive GetPods" method=GetPods node=vk operatingSystem=linux provider=mock watchedNamespace=
time="2024-05-25T06:15:33Z" level=info msg="receive GetPods" method=GetPods node=vk operatingSystem=linux provider=mock watchedNamespace=
time="2024-05-25T06:15:38Z" level=info msg="receive GetPods" method=GetPods node=vk operatingSystem=linux provider=mock watchedNamespace=
time="2024-05-25T06:15:43Z" level=info msg="receive GetPods" method=GetPods node=vk operatingSystem=linux provider=mock watchedNamespace=
time="2024-05-25T06:15:44Z" level=info msg="shutting down workers" node=vk operatingSystem=linux provider=mock watchedNamespace=
I0525 06:15:44.866731 3277490 reflector.go:293] Stopping reflector *v1.Pod (1m0s) from pkg/mod/k8s.io/client-go@v0.27.3/tools/cache/reflector.go:231
I0525 06:15:44.866853 3277490 reflector.go:293] Stopping reflector *v1.ConfigMap (1m0s) from pkg/mod/k8s.io/client-go@v0.27.3/tools/cache/reflector.go:231
I0525 06:15:44.866944 3277490 reflector.go:293] Stopping reflector *v1.Service (1m0s) from pkg/mod/k8s.io/client-go@v0.27.3/tools/cache/reflector.go:231
I0525 06:15:44.867072 3277490 reflector.go:293] Stopping reflector *v1.Secret (1m0s) from pkg/mod/k8s.io/client-go@v0.27.3/tools/cache/reflector.go:231
